# JRE version: Java(TM) SE Runtime Environment (7.0_79-b15) (build 1.7.0_79-b15)
# Java VM: Java HotSpot(TM) 64-Bit Server VM (24.79-b02 mixed mode linux-amd64 compressed oops)
Heap
 PSYoungGen      total 539136K, used 22477K [0x00000007d6880000, 0x0000000800000000, 0x0000000800000000)
  eden space 402944K, 0% used [0x00000007d6880000,0x00000007d6880000,0x00000007ef200000)
  from space 136192K, 16% used [0x00000007f7080000,0x00000007f86735a8,0x00000007ff580000)
  to   space 129536K, 0% used [0x00000007ef200000,0x00000007ef200000,0x00000007f7080000)
 ParOldGen       total 250880K, used 148934K [0x0000000783a00000, 0x0000000792f00000, 0x00000007d6880000)
  object space 250880K, 59% used [0x0000000783a00000,0x000000078cb71b20,0x0000000792f00000)
 PSPermGen       total 1726464K, used 1719503K [0x0000000603a00000, 0x000000066d000000, 0x0000000783a00000)
  object space 1726464K, 99% used [0x0000000603a00000,0x000000066c933fc8,0x000000066d000000)
GC Heap History (10 events):
Event: 92.459 GC heap after
Heap after GC invocations=31 (full 1):
 PSYoungGen      total 534016K, used 94945K [0x00000007d6880000, 0x0000000800000000, 0x0000000800000000)
  eden space 400896K, 0% used [0x00000007d6880000,0x00000007d6880000,0x00000007ef000000)
  from space 133120K, 71% used [0x00000007f7e00000,0x00000007fdab8628,0x0000000800000000)
  to   space 139264K, 0% used [0x00000007ef000000,0x00000007ef000000,0x00000007f7800000)
 ParOldGen       total 148992K, used 88853K [0x0000000783a00000, 0x000000078cb80000, 0x00000007d6880000)
  object space 148992K, 59% used [0x0000000783a00000,0x00000007890c55f0,0x000000078cb80000)
 PSPermGen       total 1511424K, used 1511017K [0x0000000603a00000, 0x000000065fe00000, 0x0000000783a00000)
  object space 1511424K, 99% used [0x0000000603a00000,0x000000065fd9a610,0x000000065fe00000)
}
Event: 96.440 GC heap before
{Heap before GC invocations=32 (full 1):
 PSYoungGen      total 534016K, used 495841K [0x00000007d6880000, 0x0000000800000000, 0x0000000800000000)
  eden space 400896K, 100% used [0x00000007d6880000,0x00000007ef000000,0x00000007ef000000)
  from space 133120K, 71% used [0x00000007f7e00000,0x00000007fdab8628,0x0000000800000000)
  to   space 139264K, 0% used [0x00000007ef000000,0x00000007ef000000,0x00000007f7800000)
 ParOldGen       total 148992K, used 88853K [0x0000000783a00000, 0x000000078cb80000, 0x00000007d6880000)
  object space 148992K, 59% used [0x0000000783a00000,0x00000007890c55f0,0x000000078cb80000)
 PSPermGen       total 1565184K, used 1564899K [0x0000000603a00000, 0x0000000663280000, 0x0000000783a00000)
  object space 1565184K, 99% used [0x0000000603a00000,0x0000000663238ca0,0x0000000663280000)
Event: 96.518 GC heap after
Heap after GC invocations=32 (full 1):
 PSYoungGen      total 493056K, used 91873K [0x00000007d6880000, 0x0000000800000000, 0x0000000800000000)
  eden space 400896K, 0% used [0x00000007d6880000,0x00000007d6880000,0x00000007ef000000)
  from space 92160K, 99% used [0x00000007ef000000,0x00000007f49b8458,0x00000007f4a00000)
  to   space 142336K, 0% used [0x00000007f7500000,0x00000007f7500000,0x0000000800000000)
 ParOldGen       total 148992K, used 95307K [0x0000000783a00000, 0x000000078cb80000, 0x00000007d6880000)
  object space 148992K, 63% used [0x0000000783a00000,0x0000000789712e58,0x000000078cb80000)
 PSPermGen       total 1565184K, used 1564899K [0x0000000603a00000, 0x0000000663280000, 0x0000000783a00000)
  object space 1565184K, 99% used [0x0000000603a00000,0x0000000663238ca0,0x0000000663280000)
}
Event: 100.774 GC heap before
{Heap before GC invocations=33 (full 1):
 PSYoungGen      total 493056K, used 492769K [0x00000007d6880000, 0x0000000800000000, 0x0000000800000000)
  eden space 400896K, 100% used [0x00000007d6880000,0x00000007ef000000,0x00000007ef000000)
  from space 92160K, 99% used [0x00000007ef000000,0x00000007f49b8458,0x00000007f4a00000)
  to   space 142336K, 0% used [0x00000007f7500000,0x00000007f7500000,0x0000000800000000)
 ParOldGen       total 148992K, used 95307K [0x0000000783a00000, 0x000000078cb80000, 0x00000007d6880000)
  object space 148992K, 63% used [0x0000000783a00000,0x0000000789712e58,0x000000078cb80000)
 PSPermGen       total 1619968K, used 1619525K [0x0000000603a00000, 0x0000000666800000, 0x0000000783a00000)
  object space 1619968K, 99% used [0x0000000603a00000,0x0000000666791558,0x0000000666800000)
Event: 100.855 GC heap after
Heap after GC invocations=33 (full 1):
 PSYoungGen      total 538624K, used 82230K [0x00000007d6880000, 0x0000000800000000, 0x0000000800000000)
  eden space 396288K, 0% used [0x00000007d6880000,0x00000007d6880000,0x00000007eeb80000)
  from space 142336K, 57% used [0x00000007f7500000,0x00000007fc54db90,0x0000000800000000)
  to   space 140800K, 0% used [0x00000007eeb80000,0x00000007eeb80000,0x00000007f7500000)
 ParOldGen       total 148992K, used 108742K [0x0000000783a00000, 0x000000078cb80000, 0x00000007d6880000)
  object space 148992K, 72% used [0x0000000783a00000,0x000000078a431970,0x000000078cb80000)
 PSPermGen       total 1619968K, used 1619525K [0x0000000603a00000, 0x0000000666800000, 0x0000000783a00000)
  object space 1619968K, 99% used [0x0000000603a00000,0x0000000666791558,0x0000000666800000)
}
Event: 105.038 GC heap before
{Heap before GC invocations=34 (full 1):
 PSYoungGen      total 538624K, used 478518K [0x00000007d6880000, 0x0000000800000000, 0x0000000800000000)
  eden space 396288K, 100% used [0x00000007d6880000,0x00000007eeb80000,0x00000007eeb80000)
  from space 142336K, 57% used [0x00000007f7500000,0x00000007fc54db90,0x0000000800000000)
  to   space 140800K, 0% used [0x00000007eeb80000,0x00000007eeb80000,0x00000007f7500000)
 ParOldGen       total 148992K, used 108742K [0x0000000783a00000, 0x000000078cb80000, 0x00000007d6880000)
  object space 148992K, 72% used [0x0000000783a00000,0x000000078a431970,0x000000078cb80000)
 PSPermGen       total 1673216K, used 1672919K [0x0000000603a00000, 0x0000000669c00000, 0x0000000783a00000)
  object space 1673216K, 99% used [0x0000000603a00000,0x0000000669bb5cc8,0x0000000669c00000)
Event: 105.110 GC heap after
Heap after GC invocations=34 (full 1):
 PSYoungGen      total 471040K, used 74263K [0x00000007d6880000, 0x00000007ff580000, 0x0000000800000000)
  eden space 396288K, 0% used [0x00000007d6880000,0x00000007d6880000,0x00000007eeb80000)
  from space 74752K, 99% used [0x00000007eeb80000,0x00000007f3405fa0,0x00000007f3480000)
  to   space 136192K, 0% used [0x00000007f7080000,0x00000007f7080000,0x00000007ff580000)
 ParOldGen       total 148992K, used 121461K [0x0000000783a00000, 0x000000078cb80000, 0x00000007d6880000)
  object space 148992K, 81% used [0x0000000783a00000,0x000000078b09d718,0x000000078cb80000)
 PSPermGen       total 1673216K, used 1672919K [0x0000000603a00000, 0x0000000669c00000, 0x0000000783a00000)
  object space 1673216K, 99% used [0x0000000603a00000,0x0000000669bb5cc8,0x0000000669c00000)
}
Event: 109.322 GC heap before
{Heap before GC invocations=35 (full 1):
 PSYoungGen      total 471040K, used 470551K [0x00000007d6880000, 0x00000007ff580000, 0x0000000800000000)
  eden space 396288K, 100% used [0x00000007d6880000,0x00000007eeb80000,0x00000007eeb80000)
  from space 74752K, 99% used [0x00000007eeb80000,0x00000007f3405fa0,0x00000007f3480000)
  to   space 136192K, 0% used [0x00000007f7080000,0x00000007f7080000,0x00000007ff580000)
 ParOldGen       total 148992K, used 121461K [0x0000000783a00000, 0x000000078cb80000, 0x00000007d6880000)
  object space 148992K, 81% used [0x0000000783a00000,0x000000078b09d718,0x000000078cb80000)
 PSPermGen       total 1726464K, used 1726368K [0x0000000603a00000, 0x000000066d000000, 0x0000000783a00000)
  object space 1726464K, 99% used [0x0000000603a00000,0x000000066cfe82e0,0x000000066d000000)
Event: 109.391 GC heap after
Heap after GC invocations=35 (full 1):
 PSYoungGen      total 539136K, used 66826K [0x00000007d6880000, 0x0000000800000000, 0x0000000800000000)
  eden space 402944K, 0% used [0x00000007d6880000,0x00000007d6880000,0x00000007ef200000)
  from space 136192K, 49% used [0x00000007f7080000,0x00000007fb1c2b30,0x00000007ff580000)
  to   space 129536K, 0% used [0x00000007ef200000,0x00000007ef200000,0x00000007f7080000)
 ParOldGen       total 148992K, used 133812K [0x0000000783a00000, 0x000000078cb80000, 0x00000007d6880000)
  object space 148992K, 89% used [0x0000000783a00000,0x000000078bcad070,0x000000078cb80000)
 PSPermGen       total 1726464K, used 1726368K [0x0000000603a00000, 0x000000066d000000, 0x0000000783a00000)
  object space 1726464K, 99% used [0x0000000603a00000,0x000000066cfe82e0,0x000000066d000000)
}
Event: 109.391 GC heap before
{Heap before GC invocations=36 (full 2):
 PSYoungGen      total 539136K, used 66826K [0x00000007d6880000, 0x0000000800000000, 0x0000000800000000)
  eden space 402944K, 0% used [0x00000007d6880000,0x00000007d6880000,0x00000007ef200000)
  from space 136192K, 49% used [0x00000007f7080000,0x00000007fb1c2b30,0x00000007ff580000)
  to   space 129536K, 0% used [0x00000007ef200000,0x00000007ef200000,0x00000007f7080000)
 ParOldGen       total 148992K, used 133812K [0x0000000783a00000, 0x000000078cb80000, 0x00000007d6880000)
  object space 148992K, 89% used [0x0000000783a00000,0x000000078bcad070,0x000000078cb80000)
 PSPermGen       total 1726464K, used 1726368K [0x0000000603a00000, 0x000000066d000000, 0x0000000783a00000)
  object space 1726464K, 99% used [0x0000000603a00000,0x000000066cfe82e0,0x000000066d000000)

